生成启动时间为 8/24/2016 12:24:52 AM。
     1>项目“C:\Liygcheng\Research\TimeLapse\cplusplus\MRF\MRF\MRF.vcxproj”在节点 2 上(Rebuild 个目标)。
     1>ClCompile:
         C:\Program Files (x86)\Microsoft Visual Studio 12.0\VC\bin\x86_amd64\CL.exe /c /I./include /IC:/OpenCV/include /IC:\local\boost_1_56_0 /I"C:\Program Files\NVIDIA GPU Computing Toolkit\CUDA\v7.0/include" /I"C:\Program Files\NVIDIA GPU Computing Toolkit\CUDA\v7.0\include" /Zi /nologo /W3 /WX- /sdl /Od /D WIN32 /D _DEBUG /D _CONSOLE /D _LIB /D _MBCS /D _SCL_SECURE_NO_WARNINGS /Gm /EHsc /RTC1 /MDd /GS /fp:precise /Zc:wchar_t /Zc:forScope /Fo"x64\Debug\\" /Fd"x64\Debug\vc120.pdb" /Gd /TP /errorReport:prompt GCoptimization.cpp graph.cpp GraphCut4MRF.cpp LinkedBlockList.cpp main.cpp maxflow.cpp Utility.cpp
         Utility.cpp
     1>C:\Liygcheng\Research\TimeLapse\cplusplus\MRF\MRF\include\glog\logging.h(1158): warning C4251: “google::LogMessage::LogStream::streambuf_”: class“google::base_logging::LogStreamBuf”需要有 dll 接口由 class“google::LogMessage::LogStream”的客户端使用
                 C:\Liygcheng\Research\TimeLapse\cplusplus\MRF\MRF\include\glog\logging.h(1088) : 参见“google::base_logging::LogStreamBuf”的声明
     1>c:\liygcheng\research\timelapse\cplusplus\mrf\mrf\Utility.h(92): warning C4091: “extern ”: 没有声明变量时忽略“GraphCut4MRF”的左侧
     1>c:\liygcheng\research\timelapse\cplusplus\mrf\mrf\Utility.h(93): warning C4091: “extern ”: 没有声明变量时忽略“MyDataCostFunctor”的左侧
     1>c:\liygcheng\research\timelapse\cplusplus\mrf\mrf\Utility.h(94): warning C4091: “extern ”: 没有声明变量时忽略“MySmoothCostFunctor”的左侧
     1>Utility.cpp(7): warning C4273: “fLS::FLAGS_infolder”: dll 链接不一致
                 c:\liygcheng\research\timelapse\cplusplus\mrf\mrf\Utility.h(101) : 参见“FLAGS_infolder”的前一个定义
     1>Utility.cpp(11): warning C4273: “fLS::FLAGS_gpu”: dll 链接不一致
                 c:\liygcheng\research\timelapse\cplusplus\mrf\mrf\Utility.h(102) : 参见“FLAGS_gpu”的前一个定义
     1>Utility.cpp(13): warning C4273: “fLS::FLAGS_imageName”: dll 链接不一致
                 c:\liygcheng\research\timelapse\cplusplus\mrf\mrf\Utility.h(103) : 参见“FLAGS_imageName”的前一个定义
     1>Utility.cpp(14): warning C4273: “fLB::FLAGS_dumpImage”: dll 链接不一致
                 c:\liygcheng\research\timelapse\cplusplus\mrf\mrf\Utility.h(104) : 参见“FLAGS_dumpImage”的前一个定义
     1>Utility.cpp(15): warning C4273: “fLS::FLAGS_dumpName”: dll 链接不一致
                 c:\liygcheng\research\timelapse\cplusplus\mrf\mrf\Utility.h(105) : 参见“FLAGS_dumpName”的前一个定义
     1>Utility.cpp(17): warning C4273: “fLB::FLAGS_showEdge”: dll 链接不一致
                 c:\liygcheng\research\timelapse\cplusplus\mrf\mrf\Utility.h(106) : 参见“FLAGS_showEdge”的前一个定义
     1>Utility.cpp(18): warning C4273: “fLS::FLAGS_edgeSolver”: dll 链接不一致
                 c:\liygcheng\research\timelapse\cplusplus\mrf\mrf\Utility.h(107) : 参见“FLAGS_edgeSolver”的前一个定义
     1>Utility.cpp(21): warning C4273: “fLB::FLAGS_showInitialImage”: dll 链接不一致
                 c:\liygcheng\research\timelapse\cplusplus\mrf\mrf\Utility.h(108) : 参见“FLAGS_showInitialImage”的前一个定义
     1>Utility.cpp(22): warning C4273: “fLB::FLAGS_dumpInitialImage”: dll 链接不一致
                 c:\liygcheng\research\timelapse\cplusplus\mrf\mrf\Utility.h(109) : 参见“FLAGS_dumpInitialImage”的前一个定义
         maxflow.cpp
         main.cpp
     1>C:\Liygcheng\Research\TimeLapse\cplusplus\MRF\MRF\include\glog\logging.h(1158): warning C4251: “google::LogMessage::LogStream::streambuf_”: class“google::base_logging::LogStreamBuf”需要有 dll 接口由 class“google::LogMessage::LogStream”的客户端使用
                 C:\Liygcheng\Research\TimeLapse\cplusplus\MRF\MRF\include\glog\logging.h(1088) : 参见“google::base_logging::LogStreamBuf”的声明
     1>c:\liygcheng\research\timelapse\cplusplus\mrf\mrf\Utility.h(92): warning C4091: “extern ”: 没有声明变量时忽略“GraphCut4MRF”的左侧
     1>c:\liygcheng\research\timelapse\cplusplus\mrf\mrf\Utility.h(93): warning C4091: “extern ”: 没有声明变量时忽略“MyDataCostFunctor”的左侧
     1>c:\liygcheng\research\timelapse\cplusplus\mrf\mrf\Utility.h(94): warning C4091: “extern ”: 没有声明变量时忽略“MySmoothCostFunctor”的左侧
     1>c:\liygcheng\research\timelapse\cplusplus\mrf\mrf\GraphCut4MRF.h(22): warning C4267: “初始化”: 从“size_t”转换到“int”，可能丢失数据
     1>c:\liygcheng\research\timelapse\cplusplus\mrf\mrf\GraphCut4MRF.h(151): warning C4305: “初始化”: 从“double”到“float”截断
     1>c:\liygcheng\research\timelapse\cplusplus\mrf\mrf\GraphCut4MRF.h(192): warning C4267: “=”: 从“size_t”转换到“int”，可能丢失数据
     1>c:\liygcheng\research\timelapse\cplusplus\mrf\mrf\GraphCut4MRF.h(347): warning C4267: “初始化”: 从“size_t”转换到“int”，可能丢失数据
         LinkedBlockList.cpp
         GraphCut4MRF.cpp
     1>C:\Liygcheng\Research\TimeLapse\cplusplus\MRF\MRF\include\glog\logging.h(1158): warning C4251: “google::LogMessage::LogStream::streambuf_”: class“google::base_logging::LogStreamBuf”需要有 dll 接口由 class“google::LogMessage::LogStream”的客户端使用
                 C:\Liygcheng\Research\TimeLapse\cplusplus\MRF\MRF\include\glog\logging.h(1088) : 参见“google::base_logging::LogStreamBuf”的声明
     1>c:\liygcheng\research\timelapse\cplusplus\mrf\mrf\Utility.h(92): warning C4091: “extern ”: 没有声明变量时忽略“GraphCut4MRF”的左侧
     1>c:\liygcheng\research\timelapse\cplusplus\mrf\mrf\Utility.h(93): warning C4091: “extern ”: 没有声明变量时忽略“MyDataCostFunctor”的左侧
     1>c:\liygcheng\research\timelapse\cplusplus\mrf\mrf\Utility.h(94): warning C4091: “extern ”: 没有声明变量时忽略“MySmoothCostFunctor”的左侧
     1>c:\liygcheng\research\timelapse\cplusplus\mrf\mrf\GraphCut4MRF.h(22): warning C4267: “初始化”: 从“size_t”转换到“int”，可能丢失数据
     1>c:\liygcheng\research\timelapse\cplusplus\mrf\mrf\GraphCut4MRF.h(151): warning C4305: “初始化”: 从“double”到“float”截断
     1>c:\liygcheng\research\timelapse\cplusplus\mrf\mrf\GraphCut4MRF.h(192): warning C4267: “=”: 从“size_t”转换到“int”，可能丢失数据
     1>c:\liygcheng\research\timelapse\cplusplus\mrf\mrf\GraphCut4MRF.h(347): warning C4267: “初始化”: 从“size_t”转换到“int”，可能丢失数据
     1>GraphCut4MRF.cpp(148): warning C4244: “初始化”: 从“GCoptimization::EnergyType”转换到“float”，可能丢失数据
     1>GraphCut4MRF.cpp(149): warning C4244: “初始化”: 从“GCoptimization::EnergyType”转换到“float”，可能丢失数据
     1>GraphCut4MRF.cpp(151): warning C4244: “初始化”: 从“GCoptimization::EnergyType”转换到“float”，可能丢失数据
     1>GraphCut4MRF.cpp(157): warning C4244: “参数”: 从“time_t”转换到“unsigned int”，可能丢失数据
     1>GraphCut4MRF.cpp(168): warning C4244: “=”: 从“GCoptimization::EnergyType”转换到“float”，可能丢失数据
     1>GraphCut4MRF.cpp(169): warning C4244: “=”: 从“GCoptimization::EnergyType”转换到“float”，可能丢失数据
     1>GraphCut4MRF.cpp(170): warning C4244: “=”: 从“GCoptimization::EnergyType”转换到“float”，可能丢失数据
     1>GraphCut4MRF.cpp(244): warning C4267: “初始化”: 从“size_t”转换到“int”，可能丢失数据
         graph.cpp
         GCoptimization.cpp
     1>GCoptimization.cpp(308): warning C4390: “;”: 找到空的受控语句；这是否是有意的?
         正在生成代码...
       Link:
         C:\Program Files (x86)\Microsoft Visual Studio 12.0\VC\bin\x86_amd64\link.exe /ERRORREPORT:PROMPT /OUT:"C:\Liygcheng\Research\TimeLapse\cplusplus\MRF\x64\Debug\MRF.exe" /INCREMENTAL /NOLOGO /LIBPATH:C:/OpenCV/x64/vc12/lib /LIBPATH:./lib /LIBPATH:./lib/glog/debug /LIBPATH:"C:\Program Files\NVIDIA GPU Computing Toolkit\CUDA\v7.0\lib\x64" /LIBPATH:"C:\local\boost_1_56_0/lib64-msvc-12.0" /LIBPATH:"C:\Program Files\NVIDIA GPU Computing Toolkit\CUDA\v7.0\lib\x64" opencv_core249d.lib opencv_highgui249d.lib opencv_imgproc249d.lib gflagsd.lib libglog.lib libglog_static.lib kernel32.lib user32.lib gdi32.lib winspool.lib comdlg32.lib advapi32.lib shell32.lib ole32.lib oleaut32.lib uuid.lib odbc32.lib odbccp32.lib shlwapi.lib cudart.lib cuda.lib nppi.lib cufft.lib cublas.lib curand.lib /MANIFEST /MANIFESTUAC:"level='asInvoker' uiAccess='false'" /manifest:embed /DEBUG /PDB:"C:\Liygcheng\Research\TimeLapse\cplusplus\MRF\x64\Debug\MRF.pdb" /SUBSYSTEM:CONSOLE /TLBID:1 /DYNAMICBASE /NXCOMPAT /IMPLIB:"C:\Liygcheng\Research\TimeLapse\cplusplus\MRF\x64\Debug\MRF.lib" /MACHINE:X64 x64\Debug\GCoptimization.obj
         x64\Debug\graph.obj
         x64\Debug\GraphCut4MRF.obj
         x64\Debug\LinkedBlockList.obj
         x64\Debug\main.obj
         x64\Debug\maxflow.obj
         x64\Debug\Utility.obj
            正在创建库 C:\Liygcheng\Research\TimeLapse\cplusplus\MRF\x64\Debug\MRF.lib 和对象 C:\Liygcheng\Research\TimeLapse\cplusplus\MRF\x64\Debug\MRF.exp
     1>main.obj : warning LNK4049: 已导入本地定义的符号 ?FLAGS_gpu@fLS@@3AEAV?$basic_string@DU?$char_traits@D@std@@V?$allocator@D@2@@std@@EA (class std::basic_string<char,struct std::char_traits<char>,class std::allocator<char> > & fLS::FLAGS_gpu)
     1>main.obj : warning LNK4049: 已导入本地定义的符号 ?FLAGS_imageName@fLS@@3AEAV?$basic_string@DU?$char_traits@D@std@@V?$allocator@D@2@@std@@EA (class std::basic_string<char,struct std::char_traits<char>,class std::allocator<char> > & fLS::FLAGS_imageName)
     1>main.obj : warning LNK4049: 已导入本地定义的符号 ?FLAGS_dumpImage@fLB@@3_NA (bool fLB::FLAGS_dumpImage)
     1>main.obj : warning LNK4049: 已导入本地定义的符号 ?FLAGS_dumpName@fLS@@3AEAV?$basic_string@DU?$char_traits@D@std@@V?$allocator@D@2@@std@@EA (class std::basic_string<char,struct std::char_traits<char>,class std::allocator<char> > & fLS::FLAGS_dumpName)
     1>main.obj : warning LNK4049: 已导入本地定义的符号 ?FLAGS_showEdge@fLB@@3_NA (bool fLB::FLAGS_showEdge)
     1>main.obj : warning LNK4049: 已导入本地定义的符号 ?FLAGS_edgeSolver@fLS@@3AEAV?$basic_string@DU?$char_traits@D@std@@V?$allocator@D@2@@std@@EA (class std::basic_string<char,struct std::char_traits<char>,class std::allocator<char> > & fLS::FLAGS_edgeSolver)
     1>gflagsd.lib(gflags.obj) : warning LNK4099: 未找到 PDB“vc120.pdb”(使用“gflagsd.lib(gflags.obj)”或在“C:\Liygcheng\Research\TimeLapse\cplusplus\MRF\x64\Debug\vc120.pdb”中寻找)；正在链接对象，如同没有调试信息一样
     1>gflagsd.lib(gflags_reporting.obj) : warning LNK4099: 未找到 PDB“vc120.pdb”(使用“gflagsd.lib(gflags_reporting.obj)”或在“C:\Liygcheng\Research\TimeLapse\cplusplus\MRF\x64\Debug\vc120.pdb”中寻找)；正在链接对象，如同没有调试信息一样
     1>gflagsd.lib(gflags_completions.obj) : warning LNK4099: 未找到 PDB“vc120.pdb”(使用“gflagsd.lib(gflags_completions.obj)”或在“C:\Liygcheng\Research\TimeLapse\cplusplus\MRF\x64\Debug\vc120.pdb”中寻找)；正在链接对象，如同没有调试信息一样
     1>gflagsd.lib(windows_port.obj) : warning LNK4099: 未找到 PDB“vc120.pdb”(使用“gflagsd.lib(windows_port.obj)”或在“C:\Liygcheng\Research\TimeLapse\cplusplus\MRF\x64\Debug\vc120.pdb”中寻找)；正在链接对象，如同没有调试信息一样
         MRF.vcxproj -> C:\Liygcheng\Research\TimeLapse\cplusplus\MRF\x64\Debug\MRF.exe
     1>已完成生成项目“C:\Liygcheng\Research\TimeLapse\cplusplus\MRF\MRF\MRF.vcxproj”(Rebuild 个目标)的操作。

生成成功。

已用时间 00:00:05.04
