c:\liygcheng\research\timelapse\cplusplus\mrf\mrf\x64\debug\vc120.pdb
c:\liygcheng\research\timelapse\cplusplus\mrf\mrf\x64\debug\vc120.idb
c:\liygcheng\research\timelapse\cplusplus\mrf\mrf\x64\debug\gcoptimization.obj
c:\liygcheng\research\timelapse\cplusplus\mrf\mrf\x64\debug\graph.obj
c:\liygcheng\research\timelapse\cplusplus\mrf\mrf\x64\debug\graphcut4mrf.obj
c:\liygcheng\research\timelapse\cplusplus\mrf\mrf\x64\debug\linkedblocklist.obj
c:\liygcheng\research\timelapse\cplusplus\mrf\mrf\x64\debug\main.obj
c:\liygcheng\research\timelapse\cplusplus\mrf\mrf\x64\debug\maxflow.obj
c:\liygcheng\research\timelapse\cplusplus\mrf\mrf\x64\debug\utility.obj
c:\liygcheng\research\timelapse\cplusplus\mrf\x64\debug\mrf.ilk
c:\liygcheng\research\timelapse\cplusplus\mrf\x64\debug\mrf.exe
c:\liygcheng\research\timelapse\cplusplus\mrf\x64\debug\mrf.pdb
c:\liygcheng\research\timelapse\cplusplus\mrf\x64\debug\mrf.lib
c:\liygcheng\research\timelapse\cplusplus\mrf\x64\debug\mrf.exp
c:\liygcheng\research\timelapse\cplusplus\mrf\mrf\x64\debug\mrf.tlog\cl.command.1.tlog
c:\liygcheng\research\timelapse\cplusplus\mrf\mrf\x64\debug\mrf.tlog\cl.read.1.tlog
c:\liygcheng\research\timelapse\cplusplus\mrf\mrf\x64\debug\mrf.tlog\cl.write.1.tlog
c:\liygcheng\research\timelapse\cplusplus\mrf\mrf\x64\debug\mrf.tlog\link.command.1.tlog
c:\liygcheng\research\timelapse\cplusplus\mrf\mrf\x64\debug\mrf.tlog\link.read.1.tlog
c:\liygcheng\research\timelapse\cplusplus\mrf\mrf\x64\debug\mrf.tlog\link.write.1.tlog
c:\liygcheng\research\timelapse\cplusplus\mrf\mrf\x64\debug\mrf.tlog\mrf.write.1u.tlog
